  tpg_action.cpp
C:\Users\RD\source\repos\TPG++\tpg_action.h(15,9): error C2143:  syntax error: missing ';' before '*'
C:\Users\RD\source\repos\TPG++\tpg_action.h(15,9): error C4430:  missing type specifier - int assumed. Note: C++ does not support default-int
C:\Users\RD\source\repos\TPG++\tpg_action.h(15,15): error C2238:  unexpected token(s) preceding ';'
C:\Users\RD\source\repos\TPG++\tpg_action.h(19,18): error C2061:  syntax error: identifier 'Team'
C:\Users\RD\source\repos\TPG++\tpg_action.h(21,36): error C2065:  'Team': undeclared identifier
C:\Users\RD\source\repos\TPG++\tpg_action.h(21,32): error C2923:  'std::set': 'Team' is not a valid template type argument for parameter '_Kty'
C:\Program Files (x86)\Microsoft Visual Studio\2019\Community\VC\Tools\MSVC\14.22.27905\include\set(48,35): error C3203:  'less': unspecialized class template can't be used as a template argument for template parameter '_Pr', expected a real type
C:\Program Files (x86)\Microsoft Visual Studio\2019\Community\VC\Tools\MSVC\14.22.27905\include\set(48,62): error C3203:  'allocator': unspecialized class template can't be used as a template argument for template parameter '_Alloc', expected a real type
C:\Users\RD\source\repos\TPG++\tpg_team.h(45,1): error C2143:  syntax error: missing ';' before '}'
C:\Users\RD\source\repos\TPG++\tpg_action.h(13,1): error C2011:  'Action': 'class' type redefinition
C:\Users\RD\source\repos\TPG++\tpg_action.h(12): message :  see declaration of 'Action'
C:\Users\RD\source\repos\TPG++\tpg_action.cpp(15,9): error C2027:  use of undefined type 'Action'
C:\Users\RD\source\repos\TPG++\tpg_action.h(12): message :  see declaration of 'Action'
C:\Users\RD\source\repos\TPG++\tpg_action.cpp(16,1): error C4430:  missing type specifier - int assumed. Note: C++ does not support default-int
C:\Users\RD\source\repos\TPG++\tpg_action.cpp(17,5): error C2355:  'this': can only be referenced inside non-static member functions or non-static data member initializers
C:\Users\RD\source\repos\TPG++\tpg_action.cpp(18,5): error C2355:  'this': can only be referenced inside non-static member functions or non-static data member initializers
C:\Users\RD\source\repos\TPG++\tpg_action.cpp(26,9): error C2027:  use of undefined type 'Action'
C:\Users\RD\source\repos\TPG++\tpg_action.h(12): message :  see declaration of 'Action'
C:\Users\RD\source\repos\TPG++\tpg_action.cpp(27,1): error C4430:  missing type specifier - int assumed. Note: C++ does not support default-int
C:\Users\RD\source\repos\TPG++\tpg_action.cpp(28,5): error C2355:  'this': can only be referenced inside non-static member functions or non-static data member initializers
C:\Users\RD\source\repos\TPG++\tpg_action.cpp(29,5): error C2355:  'this': can only be referenced inside non-static member functions or non-static data member initializers
C:\Users\RD\source\repos\TPG++\tpg_action.cpp(37,10): error C2027:  use of undefined type 'Action'
C:\Users\RD\source\repos\TPG++\tpg_action.h(12): message :  see declaration of 'Action'
C:\Users\RD\source\repos\TPG++\tpg_action.cpp(38,1): error C4430:  missing type specifier - int assumed. Note: C++ does not support default-int
C:\Users\RD\source\repos\TPG++\tpg_action.cpp(47,15): error C2027:  use of undefined type 'Action'
C:\Users\RD\source\repos\TPG++\tpg_action.h(12): message :  see declaration of 'Action'
C:\Users\RD\source\repos\TPG++\tpg_action.cpp(49,12): error C2065:  'action': undeclared identifier
C:\Users\RD\source\repos\TPG++\tpg_action.cpp(57,14): error C2027:  use of undefined type 'Action'
C:\Users\RD\source\repos\TPG++\tpg_action.h(12): message :  see declaration of 'Action'
C:\Users\RD\source\repos\TPG++\tpg_action.cpp(67,14): error C2027:  use of undefined type 'Action'
C:\Users\RD\source\repos\TPG++\tpg_action.h(12): message :  see declaration of 'Action'
C:\Users\RD\source\repos\TPG++\tpg_action.cpp(77,21): error C2027:  use of undefined type 'Action'
C:\Users\RD\source\repos\TPG++\tpg_action.h(12): message :  see declaration of 'Action'
