c:\users\karin\source\repos\tpg++\x64\debug\vc142.pdb
c:\users\karin\source\repos\tpg++\x64\debug\vc142.idb
c:\users\karin\source\repos\tpg++\x64\debug\tpg_test.obj
c:\users\karin\source\repos\tpg++\x64\debug\tpg_reproduction.obj
c:\users\karin\source\repos\tpg++\x64\debug\tpg_program.obj
c:\users\karin\source\repos\tpg++\x64\debug\tpg_memory_model.obj
c:\users\karin\source\repos\tpg++\x64\debug\tpg_main.obj
c:\users\karin\source\repos\tpg++\x64\debug\tpg_logger.obj
c:\users\karin\source\repos\tpg++\x64\debug\tpg_learner.obj
c:\users\karin\source\repos\tpg++\x64\debug\tpg_learn.obj
c:\users\karin\source\repos\tpg++\x64\debug\tpg_instruction.obj
c:\users\karin\source\repos\tpg++\x64\debug\tpg_algorithm.obj
c:\users\karin\source\repos\tpg++\x64\debug\tpg_action.obj
c:\users\karin\source\repos\tpg++\x64\debug\tpg_team.obj
c:\users\karin\source\repos\tpg++\x64\debug\tpg++.pdb
c:\users\karin\source\repos\tpg++\x64\debug\tpg++.tlog\cl.command.1.tlog
c:\users\karin\source\repos\tpg++\x64\debug\tpg++.tlog\cl.read.1.tlog
c:\users\karin\source\repos\tpg++\x64\debug\tpg++.tlog\cl.write.1.tlog
c:\users\karin\source\repos\tpg++\x64\debug\tpg++.tlog\link-cvtres.read.1.tlog
c:\users\karin\source\repos\tpg++\x64\debug\tpg++.tlog\link-cvtres.write.1.tlog
c:\users\karin\source\repos\tpg++\x64\debug\tpg++.tlog\link-rc.read.1.tlog
c:\users\karin\source\repos\tpg++\x64\debug\tpg++.tlog\link-rc.write.1.tlog
c:\users\karin\source\repos\tpg++\x64\debug\tpg++.tlog\link.7368-cvtres.read.1.tlog
c:\users\karin\source\repos\tpg++\x64\debug\tpg++.tlog\link.7368-cvtres.write.1.tlog
c:\users\karin\source\repos\tpg++\x64\debug\tpg++.tlog\link.7368-rc.read.1.tlog
c:\users\karin\source\repos\tpg++\x64\debug\tpg++.tlog\link.7368-rc.write.1.tlog
c:\users\karin\source\repos\tpg++\x64\debug\tpg++.tlog\link.7368.read.1.tlog
c:\users\karin\source\repos\tpg++\x64\debug\tpg++.tlog\link.7368.write.1.tlog
c:\users\karin\source\repos\tpg++\x64\debug\tpg++.tlog\link.command.1.tlog
c:\users\karin\source\repos\tpg++\x64\debug\tpg++.tlog\link.read.1.tlog
c:\users\karin\source\repos\tpg++\x64\debug\tpg++.tlog\link.write.1.tlog
